# JRE version: OpenJDK Runtime Environment (18.0.1.1+2) (build 18.0.1.1+2-6)
# Java VM: OpenJDK 64-Bit Server VM (18.0.1.1+2-6, mixed mode, sharing, tiered, compressed oops, compressed class ptrs, g1 gc, windows-amd64)
GC Precious Log:
 CardTable entry size: 512
 Card Set container configuration: InlinePtr #cards 4 size 8 Array Of Cards #cards 32 size 80 Howl #buckets 8 coarsen threshold 7372 Howl Bitmap #cards 1024 size 144 coarsen threshold 921 Card regions per heap region 1 cards per card region 8192
 CPUs: 16 total, 16 available
 Memory: 16151M
 Large Page Support: Disabled
 NUMA Support: Disabled
 Compressed Oops: Enabled (Zero based)
 Heap Region Size: 4M
 Heap Min Capacity: 8M
 Heap Initial Capacity: 256M
 Heap Max Capacity: 4608M
 Pre-touch: Disabled
 Parallel Workers: 13
 Concurrent Workers: 3
 Concurrent Refinement Workers: 13
 Periodic GC: Disabled
Heap:
 garbage-first heap   total 794624K, used 267554K [0x00000006e0000000, 0x0000000800000000)
  region size 4096K, 17 young (69632K), 1 survivors (4096K)
 Metaspace       used 133882K, committed 136000K, reserved 1179648K
  class space    used 17705K, committed 18816K, reserved 1048576K
GC Heap History (20 events):
Event: 706.169 GC heap before
{Heap before GC invocations=21 (full 0):
 garbage-first heap   total 286720K, used 223182K [0x00000006e0000000, 0x0000000800000000)
  region size 4096K, 25 young (102400K), 4 survivors (16384K)
 Metaspace       used 116676K, committed 118784K, reserved 1179648K
  class space    used 15392K, committed 16512K, reserved 1048576K
}
Event: 706.178 GC heap after
{Heap after GC invocations=22 (full 0):
 garbage-first heap   total 286720K, used 150857K [0x00000006e0000000, 0x0000000800000000)
  region size 4096K, 3 young (12288K), 3 survivors (12288K)
 Metaspace       used 116676K, committed 118784K, reserved 1179648K
  class space    used 15392K, committed 16512K, reserved 1048576K
}
Event: 706.477 GC heap before
{Heap before GC invocations=23 (full 0):
 garbage-first heap   total 286720K, used 191817K [0x00000006e0000000, 0x0000000800000000)
  region size 4096K, 15 young (61440K), 3 survivors (12288K)
 Metaspace       used 120124K, committed 122240K, reserved 1179648K
  class space    used 15658K, committed 16768K, reserved 1048576K
}
Event: 706.482 GC heap after
{Heap after GC invocations=24 (full 0):
 garbage-first heap   total 286720K, used 154654K [0x00000006e0000000, 0x0000000800000000)
  region size 4096K, 1 young (4096K), 1 survivors (4096K)
 Metaspace       used 120124K, committed 122240K, reserved 1179648K
  class space    used 15658K, committed 16768K, reserved 1048576K
}
Event: 707.009 GC heap before
{Heap before GC invocations=25 (full 0):
 garbage-first heap   total 307200K, used 232478K [0x00000006e0000000, 0x0000000800000000)
  region size 4096K, 19 young (77824K), 1 survivors (4096K)
 Metaspace       used 124975K, committed 127104K, reserved 1179648K
  class space    used 16249K, committed 17344K, reserved 1048576K
}
Event: 707.014 GC heap after
{Heap after GC invocations=26 (full 0):
 garbage-first heap   total 307200K, used 156803K [0x00000006e0000000, 0x0000000800000000)
  region size 4096K, 2 young (8192K), 2 survivors (8192K)
 Metaspace       used 124975K, committed 127104K, reserved 1179648K
  class space    used 16249K, committed 17344K, reserved 1048576K
}
Event: 707.023 GC heap before
{Heap before GC invocations=26 (full 0):
 garbage-first heap   total 307200K, used 160899K [0x00000006e0000000, 0x0000000800000000)
  region size 4096K, 3 young (12288K), 2 survivors (8192K)
 Metaspace       used 125034K, committed 127232K, reserved 1179648K
  class space    used 16259K, committed 17408K, reserved 1048576K
}
Event: 707.027 GC heap after
{Heap after GC invocations=27 (full 0):
 garbage-first heap   total 307200K, used 157527K [0x00000006e0000000, 0x0000000800000000)
  region size 4096K, 1 young (4096K), 1 survivors (4096K)
 Metaspace       used 125034K, committed 127232K, reserved 1179648K
  class space    used 16259K, committed 17408K, reserved 1048576K
}
Event: 707.269 GC heap before
{Heap before GC invocations=27 (full 0):
 garbage-first heap   total 307200K, used 239447K [0x00000006e0000000, 0x0000000800000000)
  region size 4096K, 22 young (90112K), 1 survivors (4096K)
 Metaspace       used 127549K, committed 129664K, reserved 1179648K
  class space    used 16610K, committed 17728K, reserved 1048576K
}
Event: 707.275 GC heap after
{Heap after GC invocations=28 (full 0):
 garbage-first heap   total 307200K, used 169895K [0x00000006e0000000, 0x0000000800000000)
  region size 4096K, 3 young (12288K), 3 survivors (12288K)
 Metaspace       used 127549K, committed 129664K, reserved 1179648K
  class space    used 16610K, committed 17728K, reserved 1048576K
}
Event: 707.481 GC heap before
{Heap before GC invocations=29 (full 0):
 garbage-first heap   total 327680K, used 239527K [0x00000006e0000000, 0x0000000800000000)
  region size 4096K, 21 young (86016K), 3 survivors (12288K)
 Metaspace       used 128483K, committed 130688K, reserved 1179648K
  class space    used 16716K, committed 17856K, reserved 1048576K
}
Event: 707.490 GC heap after
{Heap after GC invocations=30 (full 0):
 garbage-first heap   total 327680K, used 183195K [0x00000006e0000000, 0x0000000800000000)
  region size 4096K, 3 young (12288K), 3 survivors (12288K)
 Metaspace       used 128483K, committed 130688K, reserved 1179648K
  class space    used 16716K, committed 17856K, reserved 1048576K
}
Event: 707.514 GC heap before
{Heap before GC invocations=30 (full 0):
 garbage-first heap   total 327680K, used 187291K [0x00000006e0000000, 0x0000000800000000)
  region size 4096K, 4 young (16384K), 3 survivors (12288K)
 Metaspace       used 128584K, committed 130752K, reserved 1179648K
  class space    used 16729K, committed 17856K, reserved 1048576K
}
Event: 707.519 GC heap after
{Heap after GC invocations=31 (full 0):
 garbage-first heap   total 327680K, used 177057K [0x00000006e0000000, 0x0000000800000000)
  region size 4096K, 1 young (4096K), 1 survivors (4096K)
 Metaspace       used 128584K, committed 130752K, reserved 1179648K
  class space    used 16729K, committed 17856K, reserved 1048576K
}
Event: 707.720 GC heap before
{Heap before GC invocations=31 (full 0):
 garbage-first heap   total 327680K, used 250785K [0x00000006e0000000, 0x0000000800000000)
  region size 4096K, 20 young (81920K), 1 survivors (4096K)
 Metaspace       used 130969K, committed 133056K, reserved 1179648K
  class space    used 17283K, committed 18368K, reserved 1048576K
}
Event: 707.727 GC heap after
{Heap after GC invocations=32 (full 0):
 garbage-first heap   total 327680K, used 189676K [0x00000006e0000000, 0x0000000800000000)
  region size 4096K, 3 young (12288K), 3 survivors (12288K)
 Metaspace       used 130969K, committed 133056K, reserved 1179648K
  class space    used 17283K, committed 18368K, reserved 1048576K
}
Event: 708.132 GC heap before
{Heap before GC invocations=33 (full 0):
 garbage-first heap   total 364544K, used 251116K [0x00000006e0000000, 0x0000000800000000)
  region size 4096K, 19 young (77824K), 3 survivors (12288K)
 Metaspace       used 132934K, committed 135040K, reserved 1179648K
  class space    used 17594K, committed 18688K, reserved 1048576K
}
Event: 708.147 GC heap after
{Heap after GC invocations=34 (full 0):
 garbage-first heap   total 364544K, used 209369K [0x00000006e0000000, 0x0000000800000000)
  region size 4096K, 3 young (12288K), 3 survivors (12288K)
 Metaspace       used 132934K, committed 135040K, reserved 1179648K
  class space    used 17594K, committed 18688K, reserved 1048576K
}
Event: 708.197 GC heap before
{Heap before GC invocations=34 (full 0):
 garbage-first heap   total 364544K, used 213465K [0x00000006e0000000, 0x0000000800000000)
  region size 4096K, 4 young (16384K), 3 survivors (12288K)
 Metaspace       used 133217K, committed 135360K, reserved 1179648K
  class space    used 17630K, committed 18752K, reserved 1048576K
}
Event: 708.207 GC heap after
{Heap after GC invocations=35 (full 0):
 garbage-first heap   total 794624K, used 210210K [0x00000006e0000000, 0x0000000800000000)
  region size 4096K, 1 young (4096K), 1 survivors (4096K)
 Metaspace       used 133217K, committed 135360K, reserved 1179648K
  class space    used 17630K, committed 18752K, reserved 1048576K
}

